<?xml version="1.0" encoding="UTF-8"?>
<!-- Generated by org.testng.reporters.JUnitReportReporter -->
<testsuite hostname="fpkincedoqcw51" failures="0" tests="1" name="com.udemy.qa.testcases.LoginPageTest" time="47.990" errors="0" timestamp="2023-05-12T03:04:04 PDT" skipped="0">
  <testcase classname="com.udemy.qa.testcases.LoginPageTest" name="loginTest" time="47.990"/>
  <system-out/>
</testsuite> <!-- com.udemy.qa.testcases.LoginPageTest -->
