<?xml version="1.0" encoding="UTF-8"?>
<!-- Generated by org.testng.reporters.JUnitReportReporter -->
<testsuite hostname="fpkincedoqcw51" failures="0" tests="3" name="HandleradioButtonCheckbox" time="0.016" errors="0" timestamp="2022-11-03T04:01:38 PDT" skipped="0">
  <testcase classname="HandleradioButtonCheckbox" name="handleRadioButtonTest" time="0.010"/>
  <testcase classname="HandleradioButtonCheckbox" name="handleRadioButtonTest2" time="0.005"/>
  <testcase classname="HandleradioButtonCheckbox" name="handleRadioButtonTest3" time="0.001"/>
</testsuite> <!-- HandleradioButtonCheckbox -->
